\BOOKMARK [0][-]{chapter*.1}{Preface}{}% 1
\BOOKMARK [-1][-]{part.1}{I Background}{}% 2
\BOOKMARK [0][-]{chapter.1}{Why do we learn statistics? }{part.1}% 3
\BOOKMARK [1][-]{section.1.1}{On the psychology of statistics }{chapter.1}% 4
\BOOKMARK [1][-]{section.1.2}{The cautionary tale of Simpson's paradox}{chapter.1}% 5
\BOOKMARK [1][-]{section.1.3}{Statistics in psychology}{chapter.1}% 6
\BOOKMARK [1][-]{section.1.4}{Statistics in everyday life}{chapter.1}% 7
\BOOKMARK [1][-]{section.1.5}{There's more to research methods than statistics}{chapter.1}% 8
\BOOKMARK [0][-]{chapter.2}{A brief introduction to research design}{part.1}% 9
\BOOKMARK [1][-]{section.2.1}{Introduction to psychological measurement }{chapter.2}% 10
\BOOKMARK [1][-]{section.2.2}{Scales of measurement}{chapter.2}% 11
\BOOKMARK [1][-]{section.2.3}{Assessing the reliability of a measurement }{chapter.2}% 12
\BOOKMARK [1][-]{section.2.4}{The ``role'' of variables: predictors and outcomes }{chapter.2}% 13
\BOOKMARK [1][-]{section.2.5}{Experimental and non-experimental research }{chapter.2}% 14
\BOOKMARK [1][-]{section.2.6}{Assessing the validity of a study }{chapter.2}% 15
\BOOKMARK [1][-]{section.2.7}{Confounds, artifacts and other threats to validity}{chapter.2}% 16
\BOOKMARK [1][-]{section.2.8}{Summary}{chapter.2}% 17
\BOOKMARK [-1][-]{part.2}{II An introduction to R}{}% 18
\BOOKMARK [0][-]{chapter.3}{Getting started with R }{part.2}% 19
\BOOKMARK [1][-]{section.3.1}{Installing R }{chapter.3}% 20
\BOOKMARK [1][-]{section.3.2}{Typing commands at the R console}{chapter.3}% 21
\BOOKMARK [1][-]{section.3.3}{Doing simple calculations with R }{chapter.3}% 22
\BOOKMARK [1][-]{section.3.4}{Storing a number as a variable }{chapter.3}% 23
\BOOKMARK [1][-]{section.3.5}{Using functions to do calculations}{chapter.3}% 24
\BOOKMARK [1][-]{section.3.6}{Letting Rstudio help you with your commands}{chapter.3}% 25
\BOOKMARK [1][-]{section.3.7}{Storing many numbers as a vector }{chapter.3}% 26
\BOOKMARK [1][-]{section.3.8}{Storing text data}{chapter.3}% 27
\BOOKMARK [1][-]{section.3.9}{Storing ``true or false'' data}{chapter.3}% 28
\BOOKMARK [1][-]{section.3.10}{Indexing vectors }{chapter.3}% 29
\BOOKMARK [1][-]{section.3.11}{Quitting R}{chapter.3}% 30
\BOOKMARK [1][-]{section.3.12}{Summary}{chapter.3}% 31
\BOOKMARK [0][-]{chapter.4}{Additional R concepts }{part.2}% 32
\BOOKMARK [1][-]{section.4.1}{Using comments }{chapter.4}% 33
\BOOKMARK [1][-]{section.4.2}{Installing and loading packages }{chapter.4}% 34
\BOOKMARK [1][-]{section.4.3}{Managing the workspace}{chapter.4}% 35
\BOOKMARK [1][-]{section.4.4}{Navigating the file system}{chapter.4}% 36
\BOOKMARK [1][-]{section.4.5}{Loading and saving data}{chapter.4}% 37
\BOOKMARK [1][-]{section.4.6}{Useful things to know about variables }{chapter.4}% 38
\BOOKMARK [1][-]{section.4.7}{Factors}{chapter.4}% 39
\BOOKMARK [1][-]{section.4.8}{Data frames}{chapter.4}% 40
\BOOKMARK [1][-]{section.4.9}{Lists }{chapter.4}% 41
\BOOKMARK [1][-]{section.4.10}{Formulas}{chapter.4}% 42
\BOOKMARK [1][-]{section.4.11}{Generic functions }{chapter.4}% 43
\BOOKMARK [1][-]{section.4.12}{Getting help }{chapter.4}% 44
\BOOKMARK [1][-]{section.4.13}{Summary}{chapter.4}% 45
\BOOKMARK [-1][-]{part.3}{III Working with data}{}% 46
\BOOKMARK [0][-]{chapter.5}{Descriptive statistics}{part.3}% 47
\BOOKMARK [1][-]{section.5.1}{Measures of central tendency }{chapter.5}% 48
\BOOKMARK [1][-]{section.5.2}{Measures of variability}{chapter.5}% 49
\BOOKMARK [1][-]{section.5.3}{Skew and kurtosis }{chapter.5}% 50
\BOOKMARK [1][-]{section.5.4}{Getting an overall summary of a variable }{chapter.5}% 51
\BOOKMARK [1][-]{section.5.5}{Descriptive statistics separately for each group }{chapter.5}% 52
\BOOKMARK [1][-]{section.5.6}{Standard scores }{chapter.5}% 53
\BOOKMARK [1][-]{section.5.7}{Correlations}{chapter.5}% 54
\BOOKMARK [1][-]{section.5.8}{Handling missing values }{chapter.5}% 55
\BOOKMARK [1][-]{section.5.9}{Summary}{chapter.5}% 56
\BOOKMARK [0][-]{chapter.6}{Drawing graphs}{part.3}% 57
\BOOKMARK [1][-]{section.6.1}{An overview of R graphics}{chapter.6}% 58
\BOOKMARK [1][-]{section.6.2}{An introduction to plotting }{chapter.6}% 59
\BOOKMARK [1][-]{section.6.3}{Histograms}{chapter.6}% 60
\BOOKMARK [1][-]{section.6.4}{Stem and leaf plots }{chapter.6}% 61
\BOOKMARK [1][-]{section.6.5}{Boxplots }{chapter.6}% 62
\BOOKMARK [1][-]{section.6.6}{Scatterplots}{chapter.6}% 63
\BOOKMARK [1][-]{section.6.7}{Bar graphs}{chapter.6}% 64
\BOOKMARK [1][-]{section.6.8}{Saving image files using R and Rstudio }{chapter.6}% 65
\BOOKMARK [1][-]{section.6.9}{Summary}{chapter.6}% 66
\BOOKMARK [0][-]{chapter.7}{Pragmatic matters }{part.3}% 67
\BOOKMARK [1][-]{section.7.1}{Tabulating and cross-tabulating data}{chapter.7}% 68
\BOOKMARK [1][-]{section.7.2}{Transforming and recoding a variable }{chapter.7}% 69
\BOOKMARK [1][-]{section.7.3}{A few more mathematical functions and operations }{chapter.7}% 70
\BOOKMARK [1][-]{section.7.4}{Extracting a subset of a vector }{chapter.7}% 71
\BOOKMARK [1][-]{section.7.5}{Extracting a subset of a data frame }{chapter.7}% 72
\BOOKMARK [1][-]{section.7.6}{Sorting, flipping and merging data }{chapter.7}% 73
\BOOKMARK [1][-]{section.7.7}{Reshaping a data frame}{chapter.7}% 74
\BOOKMARK [1][-]{section.7.8}{Working with text }{chapter.7}% 75
\BOOKMARK [1][-]{section.7.9}{Reading unusual data files }{chapter.7}% 76
\BOOKMARK [1][-]{section.7.10}{Coercing data from one class to another}{chapter.7}% 77
\BOOKMARK [1][-]{section.7.11}{Other useful data structures }{chapter.7}% 78
\BOOKMARK [1][-]{section.7.12}{Miscellaneous topics }{chapter.7}% 79
\BOOKMARK [1][-]{section.7.13}{Summary}{chapter.7}% 80
\BOOKMARK [0][-]{chapter.8}{Basic programming }{part.3}% 81
\BOOKMARK [1][-]{section.8.1}{Scripts}{chapter.8}% 82
\BOOKMARK [1][-]{section.8.2}{Loops}{chapter.8}% 83
\BOOKMARK [1][-]{section.8.3}{Conditional statements}{chapter.8}% 84
\BOOKMARK [1][-]{section.8.4}{Writing functions}{chapter.8}% 85
\BOOKMARK [1][-]{section.8.5}{Implicit loops}{chapter.8}% 86
\BOOKMARK [1][-]{section.8.6}{Summary}{chapter.8}% 87
\BOOKMARK [-1][-]{part.4}{IV Statistical theory}{}% 88
\BOOKMARK [0][-]{chapter.9}{Introduction to probability}{part.4}% 89
\BOOKMARK [1][-]{section.9.1}{How are probability and statistics different? }{chapter.9}% 90
\BOOKMARK [1][-]{section.9.2}{What does probability mean?}{chapter.9}% 91
\BOOKMARK [1][-]{section.9.3}{Basic probability theory }{chapter.9}% 92
\BOOKMARK [1][-]{section.9.4}{The binomial distribution}{chapter.9}% 93
\BOOKMARK [1][-]{section.9.5}{The normal distribution}{chapter.9}% 94
\BOOKMARK [1][-]{section.9.6}{Other useful distributions }{chapter.9}% 95
\BOOKMARK [1][-]{section.9.7}{Summary}{chapter.9}% 96
\BOOKMARK [0][-]{chapter.10}{Estimating unknown quantities from a sample}{part.4}% 97
\BOOKMARK [1][-]{section.10.1}{Samples, populations and sampling }{chapter.10}% 98
\BOOKMARK [1][-]{section.10.2}{The law of large numbers }{chapter.10}% 99
\BOOKMARK [1][-]{section.10.3}{Sampling distributions and the central limit theorem }{chapter.10}% 100
\BOOKMARK [1][-]{section.10.4}{Estimating population parameters }{chapter.10}% 101
\BOOKMARK [1][-]{section.10.5}{Estimating a confidence interval}{chapter.10}% 102
\BOOKMARK [1][-]{section.10.6}{Summary}{chapter.10}% 103
\BOOKMARK [0][-]{chapter.11}{Hypothesis testing}{part.4}% 104
\BOOKMARK [1][-]{section.11.1}{A menagerie of hypotheses }{chapter.11}% 105
\BOOKMARK [1][-]{section.11.2}{Two types of errors }{chapter.11}% 106
\BOOKMARK [1][-]{section.11.3}{Test statistics and sampling distributions }{chapter.11}% 107
\BOOKMARK [1][-]{section.11.4}{Making decisions }{chapter.11}% 108
\BOOKMARK [1][-]{section.11.5}{The p value of a test}{chapter.11}% 109
\BOOKMARK [1][-]{section.11.6}{Reporting the results of a hypothesis test }{chapter.11}% 110
\BOOKMARK [1][-]{section.11.7}{Running the hypothesis test in practice}{chapter.11}% 111
\BOOKMARK [1][-]{section.11.8}{Effect size, sample size and power }{chapter.11}% 112
\BOOKMARK [1][-]{section.11.9}{Some issues to consider }{chapter.11}% 113
\BOOKMARK [1][-]{section.11.10}{Summary}{chapter.11}% 114
\BOOKMARK [-1][-]{part.5}{V Statistical tools}{}% 115
\BOOKMARK [0][-]{chapter.12}{Categorical data analysis}{part.5}% 116
\BOOKMARK [1][-]{section.12.1}{The 2 goodness-of-fit test }{chapter.12}% 117
\BOOKMARK [1][-]{section.12.2}{The 2 test of independence \(or association\)}{chapter.12}% 118
\BOOKMARK [1][-]{section.12.3}{The continuity correction }{chapter.12}% 119
\BOOKMARK [1][-]{section.12.4}{Effect size }{chapter.12}% 120
\BOOKMARK [1][-]{section.12.5}{Assumptions of the test\(s\) }{chapter.12}% 121
\BOOKMARK [1][-]{section.12.6}{The most typical way to do chi-square tests in R}{chapter.12}% 122
\BOOKMARK [1][-]{section.12.7}{The Fisher exact test }{chapter.12}% 123
\BOOKMARK [1][-]{section.12.8}{The McNemar test}{chapter.12}% 124
\BOOKMARK [1][-]{section.12.9}{What's the difference between McNemar and independence?}{chapter.12}% 125
\BOOKMARK [1][-]{section.12.10}{Summary}{chapter.12}% 126
\BOOKMARK [0][-]{chapter.13}{Comparing two means }{part.5}% 127
\BOOKMARK [1][-]{section.13.1}{The one-sample z-test}{chapter.13}% 128
\BOOKMARK [1][-]{section.13.2}{The one-sample t-test }{chapter.13}% 129
\BOOKMARK [1][-]{section.13.3}{The independent samples t-test \(Student test\) }{chapter.13}% 130
\BOOKMARK [1][-]{section.13.4}{The independent samples t-test \(Welch test\) }{chapter.13}% 131
\BOOKMARK [1][-]{section.13.5}{The paired-samples t-test }{chapter.13}% 132
\BOOKMARK [1][-]{section.13.6}{One sided tests}{chapter.13}% 133
\BOOKMARK [1][-]{section.13.7}{Using the t.test\(\) function}{chapter.13}% 134
\BOOKMARK [1][-]{section.13.8}{Effect size }{chapter.13}% 135
\BOOKMARK [1][-]{section.13.9}{Checking the normality of a sample}{chapter.13}% 136
\BOOKMARK [1][-]{section.13.10}{Testing non-normal data with Wilcoxon tests}{chapter.13}% 137
\BOOKMARK [1][-]{section.13.11}{Summary}{chapter.13}% 138
\BOOKMARK [0][-]{chapter.14}{Comparing several means \(one-way ANOVA\)}{part.5}% 139
\BOOKMARK [1][-]{section.14.1}{An illustrative data set }{chapter.14}% 140
\BOOKMARK [1][-]{section.14.2}{How ANOVA works }{chapter.14}% 141
\BOOKMARK [1][-]{section.14.3}{Running an ANOVA in R}{chapter.14}% 142
\BOOKMARK [1][-]{section.14.4}{Effect size}{chapter.14}% 143
\BOOKMARK [1][-]{section.14.5}{Multiple comparisons and post hoc tests }{chapter.14}% 144
\BOOKMARK [1][-]{section.14.6}{Assumptions of one-way ANOVA }{chapter.14}% 145
\BOOKMARK [1][-]{section.14.7}{Checking the homogeneity of variance assumption }{chapter.14}% 146
\BOOKMARK [1][-]{section.14.8}{Removing the homogeneity of variance assumption }{chapter.14}% 147
\BOOKMARK [1][-]{section.14.9}{Checking the normality assumption }{chapter.14}% 148
\BOOKMARK [1][-]{section.14.10}{Removing the normality assumption }{chapter.14}% 149
\BOOKMARK [1][-]{section.14.11}{On the relationship between ANOVA and the Student t test }{chapter.14}% 150
\BOOKMARK [1][-]{section.14.12}{Summary}{chapter.14}% 151
\BOOKMARK [0][-]{chapter.15}{Linear regression}{part.5}% 152
\BOOKMARK [1][-]{section.15.1}{What is a linear regression model? }{chapter.15}% 153
\BOOKMARK [1][-]{section.15.2}{Estimating a linear regression model }{chapter.15}% 154
\BOOKMARK [1][-]{section.15.3}{Multiple linear regression }{chapter.15}% 155
\BOOKMARK [1][-]{section.15.4}{Quantifying the fit of the regression model }{chapter.15}% 156
\BOOKMARK [1][-]{section.15.5}{Hypothesis tests for regression models }{chapter.15}% 157
\BOOKMARK [1][-]{section.15.6}{Testing the significance of a correlation }{chapter.15}% 158
\BOOKMARK [1][-]{section.15.7}{Regarding regression coefficients }{chapter.15}% 159
\BOOKMARK [1][-]{section.15.8}{Assumptions of regression }{chapter.15}% 160
\BOOKMARK [1][-]{section.15.9}{Model checking }{chapter.15}% 161
\BOOKMARK [1][-]{section.15.10}{Model selection}{chapter.15}% 162
\BOOKMARK [1][-]{section.15.11}{Summary}{chapter.15}% 163
\BOOKMARK [0][-]{chapter.16}{Factorial ANOVA }{part.5}% 164
\BOOKMARK [1][-]{section.16.1}{Factorial ANOVA 1: balanced designs, no interactions}{chapter.16}% 165
\BOOKMARK [1][-]{section.16.2}{Factorial ANOVA 2: balanced designs, interactions allowed}{chapter.16}% 166
\BOOKMARK [1][-]{section.16.3}{Effect size, estimated means, and confidence intervals}{chapter.16}% 167
\BOOKMARK [1][-]{section.16.4}{Assumption checking }{chapter.16}% 168
\BOOKMARK [1][-]{section.16.5}{The F test as a model comparison}{chapter.16}% 169
\BOOKMARK [1][-]{section.16.6}{ANOVA as a linear model}{chapter.16}% 170
\BOOKMARK [1][-]{section.16.7}{Different ways to specify contrasts}{chapter.16}% 171
\BOOKMARK [1][-]{section.16.8}{Post hoc tests}{chapter.16}% 172
\BOOKMARK [1][-]{section.16.9}{The method of planned comparisons}{chapter.16}% 173
\BOOKMARK [1][-]{section.16.10}{Factorial ANOVA 3: unbalanced designs}{chapter.16}% 174
\BOOKMARK [1][-]{section.16.11}{Summary}{chapter.16}% 175
\BOOKMARK [-1][-]{part.6}{VI Endings, alternatives and prospects}{}% 176
\BOOKMARK [0][-]{chapter.17}{Bayesian statistics }{part.6}% 177
\BOOKMARK [1][-]{section.17.1}{Probabilistic reasoning by rational agents}{chapter.17}% 178
\BOOKMARK [1][-]{section.17.2}{Bayesian hypothesis tests }{chapter.17}% 179
\BOOKMARK [1][-]{section.17.3}{Why be a Bayesian?}{chapter.17}% 180
\BOOKMARK [1][-]{section.17.4}{Bayesian analysis of contingency tables }{chapter.17}% 181
\BOOKMARK [1][-]{section.17.5}{Bayesian t-tests}{chapter.17}% 182
\BOOKMARK [1][-]{section.17.6}{Bayesian regression }{chapter.17}% 183
\BOOKMARK [1][-]{section.17.7}{Bayesian ANOVA }{chapter.17}% 184
\BOOKMARK [1][-]{section.17.8}{Summary}{chapter.17}% 185
\BOOKMARK [0][-]{chapter.18}{Epilogue}{part.6}% 186
\BOOKMARK [1][-]{section.18.1}{The undiscovered statistics}{chapter.18}% 187
\BOOKMARK [1][-]{section.18.2}{Learning the basics, and learning them in R}{chapter.18}% 188
\BOOKMARK [1][-]{section.18.2}{References}{chapter.18}% 189
